<?xml version="1.0" encoding="UTF-8"?>
<testng-results ignored="0" total="1" passed="1" failed="0" skipped="0">
  <reporter-output>
  </reporter-output>
  <suite started-at="2019-11-08T09:22:39Z" name="Default suite" finished-at="2019-11-08T09:23:40Z" duration-ms="61245">
    <groups>
    </groups>
    <test started-at="2019-11-08T09:22:39Z" name="Default test" finished-at="2019-11-08T09:23:40Z" duration-ms="61245">
      <class name="com.atmecs.NinjaStore.testscripts.NinjaStoreTestcase">
        <test-method is-config="true" signature="initializeBrowser()[pri:0, instance:com.atmecs.NinjaStore.testscripts.NinjaStoreTestcase@3daa422a]" started-at="2019-11-08T09:22:39Z" name="initializeBrowser" finished-at="2019-11-08T09:22:45Z" duration-ms="6733" status="PASS">
          <reporter-output>
          </reporter-output>
        </test-method> <!-- initializeBrowser -->
        <test-method is-config="true" signature="before()[pri:0, instance:com.atmecs.NinjaStore.testscripts.NinjaStoreTestcase@3daa422a]" started-at="2019-11-08T09:22:45Z" name="before" finished-at="2019-11-08T09:22:53Z" duration-ms="7389" status="PASS">
          <reporter-output>
          </reporter-output>
        </test-method> <!-- before -->
        <test-method signature="testcase1(java.lang.String, java.lang.String)[pri:0, instance:com.atmecs.NinjaStore.testscripts.NinjaStoreTestcase@3daa422a]" started-at="2019-11-08T09:22:54Z" name="testcase1" data-provider="testdata" finished-at="2019-11-08T09:23:40Z" duration-ms="45931" status="PASS">
          <params>
            <param index="0">
              <value>
                <![CDATA[iphone]]>
              </value>
            </param>
            <param index="1">
              <value>
                <![CDATA[MacBook Air]]>
              </value>
            </param>
          </params>
          <reporter-output>
          </reporter-output>
        </test-method> <!-- testcase1 -->
        <test-method is-config="true" signature="quitDriver()[pri:0, instance:com.atmecs.NinjaStore.testscripts.NinjaStoreTestcase@3daa422a]" started-at="2019-11-08T09:23:40Z" name="quitDriver" finished-at="2019-11-08T09:23:41Z" duration-ms="891" status="PASS">
          <reporter-output>
          </reporter-output>
        </test-method> <!-- quitDriver -->
      </class> <!-- com.atmecs.NinjaStore.testscripts.NinjaStoreTestcase -->
    </test> <!-- Default test -->
  </suite> <!-- Default suite -->
</testng-results>
