<?xml version="1.0" encoding="UTF-8"?>
<testng-results ignored="0" total="1" passed="1" failed="0" skipped="0">
  <reporter-output>
  </reporter-output>
  <suite started-at="2019-11-08T09:55:45Z" name="Default suite" finished-at="2019-11-08T09:56:40Z" duration-ms="55371">
    <groups>
    </groups>
    <test started-at="2019-11-08T09:55:45Z" name="Default test" finished-at="2019-11-08T09:56:40Z" duration-ms="55371">
      <class name="com.atmecs.NinjaStore.testscripts.NinjaStoreTestcase">
        <test-method is-config="true" signature="initializeBrowser()[pri:0, instance:com.atmecs.NinjaStore.testscripts.NinjaStoreTestcase@3daa422a]" started-at="2019-11-08T09:55:45Z" name="initializeBrowser" finished-at="2019-11-08T09:55:49Z" duration-ms="3695" status="PASS">
          <reporter-output>
          </reporter-output>
        </test-method> <!-- initializeBrowser -->
        <test-method is-config="true" signature="before()[pri:0, instance:com.atmecs.NinjaStore.testscripts.NinjaStoreTestcase@3daa422a]" started-at="2019-11-08T09:55:49Z" name="before" finished-at="2019-11-08T09:55:50Z" duration-ms="1392" status="PASS">
          <reporter-output>
          </reporter-output>
        </test-method> <!-- before -->
        <test-method signature="testcase1(java.lang.String, java.lang.String)[pri:0, instance:com.atmecs.NinjaStore.testscripts.NinjaStoreTestcase@3daa422a]" started-at="2019-11-08T09:55:51Z" name="testcase1" data-provider="testdata" finished-at="2019-11-08T09:56:40Z" duration-ms="49262" status="PASS">
          <params>
            <param index="0">
              <value>
                <![CDATA[iphone]]>
              </value>
            </param>
            <param index="1">
              <value>
                <![CDATA[MacBook Air]]>
              </value>
            </param>
          </params>
          <reporter-output>
          </reporter-output>
        </test-method> <!-- testcase1 -->
        <test-method is-config="true" signature="quitDriver()[pri:0, instance:com.atmecs.NinjaStore.testscripts.NinjaStoreTestcase@3daa422a]" started-at="2019-11-08T09:56:40Z" name="quitDriver" finished-at="2019-11-08T09:56:41Z" duration-ms="548" status="PASS">
          <reporter-output>
          </reporter-output>
        </test-method> <!-- quitDriver -->
      </class> <!-- com.atmecs.NinjaStore.testscripts.NinjaStoreTestcase -->
    </test> <!-- Default test -->
  </suite> <!-- Default suite -->
</testng-results>
